[debug] [2022-04-01T21:47:01.532Z] ----------------------------------------------------------------------
[debug] [2022-04-01T21:47:01.534Z] Command:       /usr/local/bin/node /usr/local/bin/firebase deploy
[debug] [2022-04-01T21:47:01.534Z] CLI Version:   10.4.0
[debug] [2022-04-01T21:47:01.534Z] Platform:      darwin
[debug] [2022-04-01T21:47:01.535Z] Node Version:  v14.16.0
[debug] [2022-04-01T21:47:01.535Z] Time:          Fri Apr 01 2022 17:47:01 GMT-0400 (Eastern Daylight Time)
[debug] [2022-04-01T21:47:01.535Z] ----------------------------------------------------------------------
[debug] 
[debug] [2022-04-01T21:47:01.590Z] > command requires scopes: ["email","openid","https://www.googleapis.com/auth/cloudplatformprojects.readonly","https://www.googleapis.com/auth/firebase","https://www.googleapis.com/auth/cloud-platform"]
[debug] [2022-04-01T21:47:01.590Z] > authorizing via signed-in user (theartoflife07@gmail.com)
[debug] [2022-04-01T21:47:01.590Z] [iam] checking project marton-istvan-fine-art for permissions ["datastore.indexes.create","datastore.indexes.delete","datastore.indexes.list","datastore.indexes.update","firebase.projects.get","firebasehosting.sites.update","firebaserules.releases.create","firebaserules.releases.update","firebaserules.rulesets.create"]
[debug] [2022-04-01T21:47:01.592Z] >>> [apiv2][query] POST https://cloudresourcemanager.googleapis.com/v1/projects/marton-istvan-fine-art:testIamPermissions [none]
[debug] [2022-04-01T21:47:01.592Z] >>> [apiv2][body] POST https://cloudresourcemanager.googleapis.com/v1/projects/marton-istvan-fine-art:testIamPermissions {"permissions":["datastore.indexes.create","datastore.indexes.delete","datastore.indexes.list","datastore.indexes.update","firebase.projects.get","firebasehosting.sites.update","firebaserules.releases.create","firebaserules.releases.update","firebaserules.rulesets.create"]}
[debug] [2022-04-01T21:47:01.924Z] <<< [apiv2][status] POST https://cloudresourcemanager.googleapis.com/v1/projects/marton-istvan-fine-art:testIamPermissions 200
[debug] [2022-04-01T21:47:01.924Z] <<< [apiv2][body] POST https://cloudresourcemanager.googleapis.com/v1/projects/marton-istvan-fine-art:testIamPermissions {"permissions":["datastore.indexes.create","datastore.indexes.delete","datastore.indexes.list","datastore.indexes.update","firebase.projects.get","firebasehosting.sites.update","firebaserules.releases.create","firebaserules.releases.update","firebaserules.rulesets.create"]}
[debug] [2022-04-01T21:47:01.926Z] >>> [apiv2][query] GET https://firebase.googleapis.com/v1beta1/projects/marton-istvan-fine-art [none]
[debug] [2022-04-01T21:47:02.227Z] <<< [apiv2][status] GET https://firebase.googleapis.com/v1beta1/projects/marton-istvan-fine-art 200
[debug] [2022-04-01T21:47:02.227Z] <<< [apiv2][body] GET https://firebase.googleapis.com/v1beta1/projects/marton-istvan-fine-art {"projectId":"marton-istvan-fine-art","projectNumber":"677721013699","displayName":"Marton-Istvan-Fine-Art","name":"projects/marton-istvan-fine-art","resources":{"hostingSite":"marton-istvan-fine-art","storageBucket":"marton-istvan-fine-art.appspot.com","locationId":"northamerica-northeast1"},"state":"ACTIVE"}
[info] 
[info] === Deploying to 'marton-istvan-fine-art'...
[info] 
[info] i  deploying storage, firestore, hosting 
[debug] [2022-04-01T21:47:02.230Z] >>> [apiv2][query] GET https://appengine.googleapis.com/v1/apps/marton-istvan-fine-art [none]
[debug] [2022-04-01T21:47:02.535Z] <<< [apiv2][status] GET https://appengine.googleapis.com/v1/apps/marton-istvan-fine-art 200
[debug] [2022-04-01T21:47:02.536Z] <<< [apiv2][body] GET https://appengine.googleapis.com/v1/apps/marton-istvan-fine-art {"name":"apps/marton-istvan-fine-art","id":"marton-istvan-fine-art","authDomain":"gmail.com","locationId":"northamerica-northeast1","codeBucket":"staging.marton-istvan-fine-art.appspot.com","servingStatus":"SERVING","defaultHostname":"marton-istvan-fine-art.nn.r.appspot.com","defaultBucket":"marton-istvan-fine-art.appspot.com","serviceAccount":"marton-istvan-fine-art@appspot.gserviceaccount.com","gcrDomain":"us.gcr.io","databaseType":"CLOUD_FIRESTORE","featureSettings":{"splitHealthChecks":true,"useContainerOptimizedOs":true}}
[info] i  firebase.storage: checking storage.rules for compilation errors... 
[debug] [2022-04-01T21:47:02.537Z] >>> [apiv2][query] POST https://firebaserules.googleapis.com/v1/projects/marton-istvan-fine-art:test [none]
[debug] [2022-04-01T21:47:02.537Z] >>> [apiv2][body] POST https://firebaserules.googleapis.com/v1/projects/marton-istvan-fine-art:test [omitted]
[debug] [2022-04-01T21:47:02.718Z] <<< [apiv2][status] POST https://firebaserules.googleapis.com/v1/projects/marton-istvan-fine-art:test 200
[debug] [2022-04-01T21:47:02.718Z] <<< [apiv2][body] POST https://firebaserules.googleapis.com/v1/projects/marton-istvan-fine-art:test {}
[info] ✔  firebase.storage: rules file storage.rules compiled successfully 
[info] i  firestore: reading indexes from firestore.indexes.json... 
[info] i  cloud.firestore: checking firestore.rules for compilation errors... 
[debug] [2022-04-01T21:47:02.720Z] >>> [apiv2][query] POST https://firebaserules.googleapis.com/v1/projects/marton-istvan-fine-art:test [none]
[debug] [2022-04-01T21:47:02.720Z] >>> [apiv2][body] POST https://firebaserules.googleapis.com/v1/projects/marton-istvan-fine-art:test [omitted]
[debug] [2022-04-01T21:47:02.897Z] <<< [apiv2][status] POST https://firebaserules.googleapis.com/v1/projects/marton-istvan-fine-art:test 200
[debug] [2022-04-01T21:47:02.897Z] <<< [apiv2][body] POST https://firebaserules.googleapis.com/v1/projects/marton-istvan-fine-art:test {}
[info] ✔  cloud.firestore: rules file firestore.rules compiled successfully 
[debug] [2022-04-01T21:47:02.897Z] >>> [apiv2][query] GET https://firebase.googleapis.com/v1beta1/projects/marton-istvan-fine-art [none]
[debug] [2022-04-01T21:47:03.252Z] <<< [apiv2][status] GET https://firebase.googleapis.com/v1beta1/projects/marton-istvan-fine-art 200
[debug] [2022-04-01T21:47:03.252Z] <<< [apiv2][body] GET https://firebase.googleapis.com/v1beta1/projects/marton-istvan-fine-art {"projectId":"marton-istvan-fine-art","projectNumber":"677721013699","displayName":"Marton-Istvan-Fine-Art","name":"projects/marton-istvan-fine-art","resources":{"hostingSite":"marton-istvan-fine-art","storageBucket":"marton-istvan-fine-art.appspot.com","locationId":"northamerica-northeast1"},"state":"ACTIVE"}
[debug] [2022-04-01T21:47:03.254Z] >>> [apiv2][query] POST https://firebasehosting.googleapis.com/v1beta1/projects/677721013699/sites/marton-istvan-fine-art/versions [none]
[debug] [2022-04-01T21:47:03.254Z] >>> [apiv2][body] POST https://firebasehosting.googleapis.com/v1beta1/projects/677721013699/sites/marton-istvan-fine-art/versions {"config":{"rewrites":[{"glob":"**","path":"/index.html"}]},"labels":{"deployment-tool":"cli-firebase"}}
[debug] [2022-04-01T21:47:03.767Z] <<< [apiv2][status] POST https://firebasehosting.googleapis.com/v1beta1/projects/677721013699/sites/marton-istvan-fine-art/versions 200
[debug] [2022-04-01T21:47:03.768Z] <<< [apiv2][body] POST https://firebasehosting.googleapis.com/v1beta1/projects/677721013699/sites/marton-istvan-fine-art/versions {"name":"projects/677721013699/sites/marton-istvan-fine-art/versions/262b8584a12a8b92","status":"CREATED","config":{"rewrites":[{"glob":"**","path":"/index.html"}]},"labels":{"deployment-tool":"cli-firebase"}}
[debug] [2022-04-01T21:47:03.769Z] >>> [apiv2][query] GET https://firebaserules.googleapis.com/v1/projects/marton-istvan-fine-art/releases pageSize=10&pageToken=
[debug] [2022-04-01T21:47:04.070Z] <<< [apiv2][status] GET https://firebaserules.googleapis.com/v1/projects/marton-istvan-fine-art/releases 200
[debug] [2022-04-01T21:47:04.070Z] <<< [apiv2][body] GET https://firebaserules.googleapis.com/v1/projects/marton-istvan-fine-art/releases {"releases":[{"name":"projects/marton-istvan-fine-art/releases/cloud.firestore","rulesetName":"projects/marton-istvan-fine-art/rulesets/a9222002-77c9-44ce-aed9-3cbe4fa2fc82","createTime":"2021-05-21T03:31:46.154304Z","updateTime":"2022-04-01T21:45:15.360666Z"},{"name":"projects/marton-istvan-fine-art/releases/firebase.storage/marton-istvan-fine-art.appspot.com","rulesetName":"projects/marton-istvan-fine-art/rulesets/97e349d2-2f07-478e-9dcf-18e4068fa1f3","createTime":"2021-05-21T03:31:38.739661Z","updateTime":"2022-04-01T21:45:14.945866Z"}]}
[debug] [2022-04-01T21:47:04.071Z] >>> [apiv2][query] GET https://firebaserules.googleapis.com/v1/projects/marton-istvan-fine-art/rulesets/97e349d2-2f07-478e-9dcf-18e4068fa1f3 [none]
[debug] [2022-04-01T21:47:04.377Z] <<< [apiv2][status] GET https://firebaserules.googleapis.com/v1/projects/marton-istvan-fine-art/rulesets/97e349d2-2f07-478e-9dcf-18e4068fa1f3 200
[debug] [2022-04-01T21:47:04.377Z] <<< [apiv2][body] GET https://firebaserules.googleapis.com/v1/projects/marton-istvan-fine-art/rulesets/97e349d2-2f07-478e-9dcf-18e4068fa1f3 [omitted]
[info] i  storage: latest version of storage.rules already up to date, skipping upload... 
[debug] [2022-04-01T21:47:04.380Z] > refreshing access token with scopes: ["email","https://www.googleapis.com/auth/cloud-platform","https://www.googleapis.com/auth/cloudplatformprojects.readonly","https://www.googleapis.com/auth/firebase","openid"]
[debug] [2022-04-01T21:47:04.380Z] >>> HTTP REQUEST POST https://www.googleapis.com/oauth2/v3/token  
 <request body omitted>
[debug] [2022-04-01T21:47:04.384Z] >>> [apiv2][query] GET https://firebaserules.googleapis.com/v1/projects/marton-istvan-fine-art/releases pageSize=10&pageToken=
[debug] [2022-04-01T21:47:04.533Z] <<< HTTP RESPONSE 200 {"expires":"Mon, 01 Jan 1990 00:00:00 GMT","cache-control":"no-cache, no-store, max-age=0, must-revalidate","pragma":"no-cache","date":"Fri, 01 Apr 2022 21:47:04 GMT","content-type":"application/json; charset=utf-8","vary":"X-Origin, Referer, Origin,Accept-Encoding","server":"scaffolding on HTTPServer2","x-xss-protection":"0","x-frame-options":"SAMEORIGIN","x-content-type-options":"nosniff","alt-svc":"h3=\":443\"; ma=2592000,h3-29=\":443\"; ma=2592000,h3-Q050=\":443\"; ma=2592000,h3-Q046=\":443\"; ma=2592000,h3-Q043=\":443\"; ma=2592000,quic=\":443\"; ma=2592000; v=\"46,43\"","accept-ranges":"none","transfer-encoding":"chunked"}
[debug] [2022-04-01T21:47:04.571Z] >>> HTTP REQUEST GET https://firestore.googleapis.com/v1/projects/marton-istvan-fine-art/databases/(default)/collectionGroups/-/indexes  
 
[debug] [2022-04-01T21:47:04.630Z] <<< [apiv2][status] GET https://firebaserules.googleapis.com/v1/projects/marton-istvan-fine-art/releases 200
[debug] [2022-04-01T21:47:04.630Z] <<< [apiv2][body] GET https://firebaserules.googleapis.com/v1/projects/marton-istvan-fine-art/releases {"releases":[{"name":"projects/marton-istvan-fine-art/releases/cloud.firestore","rulesetName":"projects/marton-istvan-fine-art/rulesets/a9222002-77c9-44ce-aed9-3cbe4fa2fc82","createTime":"2021-05-21T03:31:46.154304Z","updateTime":"2022-04-01T21:45:15.360666Z"},{"name":"projects/marton-istvan-fine-art/releases/firebase.storage/marton-istvan-fine-art.appspot.com","rulesetName":"projects/marton-istvan-fine-art/rulesets/97e349d2-2f07-478e-9dcf-18e4068fa1f3","createTime":"2021-05-21T03:31:38.739661Z","updateTime":"2022-04-01T21:45:14.945866Z"}]}
[debug] [2022-04-01T21:47:04.630Z] > refreshing access token with scopes: []
[debug] [2022-04-01T21:47:04.630Z] >>> HTTP REQUEST POST https://www.googleapis.com/oauth2/v3/token  
 <request body omitted>
[debug] [2022-04-01T21:47:04.754Z] <<< HTTP RESPONSE 200 {"cache-control":"no-cache, no-store, max-age=0, must-revalidate","expires":"Mon, 01 Jan 1990 00:00:00 GMT","date":"Fri, 01 Apr 2022 21:47:04 GMT","pragma":"no-cache","content-type":"application/json; charset=utf-8","vary":"X-Origin, Referer, Origin,Accept-Encoding","server":"scaffolding on HTTPServer2","x-xss-protection":"0","x-frame-options":"SAMEORIGIN","x-content-type-options":"nosniff","alt-svc":"h3=\":443\"; ma=2592000,h3-29=\":443\"; ma=2592000,h3-Q050=\":443\"; ma=2592000,h3-Q046=\":443\"; ma=2592000,h3-Q043=\":443\"; ma=2592000,quic=\":443\"; ma=2592000; v=\"46,43\"","accept-ranges":"none","transfer-encoding":"chunked"}
[debug] [2022-04-01T21:47:04.792Z] >>> [apiv2][query] GET https://firebaserules.googleapis.com/v1/projects/marton-istvan-fine-art/rulesets/a9222002-77c9-44ce-aed9-3cbe4fa2fc82 [none]
[debug] [2022-04-01T21:47:04.794Z] <<< HTTP RESPONSE 200 {"content-type":"application/json; charset=UTF-8","vary":"X-Origin, Referer, Origin,Accept-Encoding","date":"Fri, 01 Apr 2022 21:47:04 GMT","server":"ESF","cache-control":"private","x-xss-protection":"0","x-frame-options":"SAMEORIGIN","x-content-type-options":"nosniff","alt-svc":"h3=\":443\"; ma=2592000,h3-29=\":443\"; ma=2592000,h3-Q050=\":443\"; ma=2592000,h3-Q046=\":443\"; ma=2592000,h3-Q043=\":443\"; ma=2592000,quic=\":443\"; ma=2592000; v=\"46,43\"","accept-ranges":"none","transfer-encoding":"chunked"}
[debug] [2022-04-01T21:47:04.794Z] > refreshing access token with scopes: ["email","https://www.googleapis.com/auth/cloud-platform","https://www.googleapis.com/auth/cloudplatformprojects.readonly","https://www.googleapis.com/auth/firebase","openid"]
[debug] [2022-04-01T21:47:04.795Z] >>> HTTP REQUEST POST https://www.googleapis.com/oauth2/v3/token  
 <request body omitted>
[debug] [2022-04-01T21:47:04.918Z] <<< HTTP RESPONSE 200 {"cache-control":"no-cache, no-store, max-age=0, must-revalidate","expires":"Mon, 01 Jan 1990 00:00:00 GMT","pragma":"no-cache","date":"Fri, 01 Apr 2022 21:47:04 GMT","content-type":"application/json; charset=utf-8","vary":"X-Origin, Referer, Origin,Accept-Encoding","server":"scaffolding on HTTPServer2","x-xss-protection":"0","x-frame-options":"SAMEORIGIN","x-content-type-options":"nosniff","alt-svc":"h3=\":443\"; ma=2592000,h3-29=\":443\"; ma=2592000,h3-Q050=\":443\"; ma=2592000,h3-Q046=\":443\"; ma=2592000,h3-Q043=\":443\"; ma=2592000,quic=\":443\"; ma=2592000; v=\"46,43\"","accept-ranges":"none","transfer-encoding":"chunked"}
[debug] [2022-04-01T21:47:04.959Z] >>> HTTP REQUEST GET https://firestore.googleapis.com/v1/projects/marton-istvan-fine-art/databases/(default)/collectionGroups/-/fields?filter=indexConfig.usesAncestorConfig=false  
 
[debug] [2022-04-01T21:47:05.035Z] <<< [apiv2][status] GET https://firebaserules.googleapis.com/v1/projects/marton-istvan-fine-art/rulesets/a9222002-77c9-44ce-aed9-3cbe4fa2fc82 200
[debug] [2022-04-01T21:47:05.035Z] <<< [apiv2][body] GET https://firebaserules.googleapis.com/v1/projects/marton-istvan-fine-art/rulesets/a9222002-77c9-44ce-aed9-3cbe4fa2fc82 [omitted]
[info] i  firestore: latest version of firestore.rules already up to date, skipping upload... 
[debug] [2022-04-01T21:47:05.130Z] <<< HTTP RESPONSE 200 {"content-type":"application/json; charset=UTF-8","vary":"X-Origin, Referer, Origin,Accept-Encoding","date":"Fri, 01 Apr 2022 21:47:05 GMT","server":"ESF","cache-control":"private","x-xss-protection":"0","x-frame-options":"SAMEORIGIN","x-content-type-options":"nosniff","alt-svc":"h3=\":443\"; ma=2592000,h3-29=\":443\"; ma=2592000,h3-Q050=\":443\"; ma=2592000,h3-Q046=\":443\"; ma=2592000,h3-Q043=\":443\"; ma=2592000,quic=\":443\"; ma=2592000; v=\"46,43\"","accept-ranges":"none","transfer-encoding":"chunked"}
[info] ✔  firestore: deployed indexes in firestore.indexes.json successfully 
[info] i  hosting[marton-istvan-fine-art]: beginning deploy... 
[info] i  hosting[marton-istvan-fine-art]: found 16 files in build 
[debug] [2022-04-01T21:47:05.501Z] > refreshing access token with scopes: []
[debug] [2022-04-01T21:47:05.501Z] >>> HTTP REQUEST POST https://www.googleapis.com/oauth2/v3/token  
 <request body omitted>
[debug] [2022-04-01T21:47:05.502Z] [hosting] hash cache [YnVpbGQ] stored for 16 files
[debug] [2022-04-01T21:47:05.502Z] [hosting][hash queue][FINAL] {"max":358,"min":14,"avg":38.875,"active":0,"complete":16,"success":16,"errored":0,"retried":0,"total":16,"elapsed":362}
[debug] [2022-04-01T21:47:05.619Z] <<< HTTP RESPONSE 200 {"date":"Fri, 01 Apr 2022 21:47:05 GMT","pragma":"no-cache","cache-control":"no-cache, no-store, max-age=0, must-revalidate","expires":"Mon, 01 Jan 1990 00:00:00 GMT","content-type":"application/json; charset=utf-8","vary":"X-Origin, Referer, Origin,Accept-Encoding","server":"scaffolding on HTTPServer2","x-xss-protection":"0","x-frame-options":"SAMEORIGIN","x-content-type-options":"nosniff","alt-svc":"h3=\":443\"; ma=2592000,h3-29=\":443\"; ma=2592000,h3-Q050=\":443\"; ma=2592000,h3-Q046=\":443\"; ma=2592000,h3-Q043=\":443\"; ma=2592000,quic=\":443\"; ma=2592000; v=\"46,43\"","accept-ranges":"none","transfer-encoding":"chunked"}
[debug] [2022-04-01T21:47:05.661Z] >>> [apiv2][query] POST https://firebasehosting.googleapis.com/v1beta1/projects/677721013699/sites/marton-istvan-fine-art/versions/262b8584a12a8b92:populateFiles [none]
[debug] [2022-04-01T21:47:05.661Z] >>> [apiv2][body] POST https://firebasehosting.googleapis.com/v1beta1/projects/677721013699/sites/marton-istvan-fine-art/versions/262b8584a12a8b92:populateFiles {"files":{"/index.html":"dabdb8b604d3b83a2c665198007a576864053f795947186c55dc1a2920a155cc","/manifest.json":"6aaf3d87dd9bb1e96f9c691c50d0ed378ed98a120a76dea78291281834cd36e9","/asset-manifest.json":"16422a5968de9952081076ed2a5d9c5947894a1722023d6a631b01a55232636a","/robots.txt":"391d14b3c2f8c9143a27a28c7399585142228d4d1bdbe2c87ac946de411fa9a2","/static/css/main.d0030bdc.chunk.css":"ca44e5d28d91453ffcf92040dd61b4aedb125401bdf7af38a94603e09b53c8e7","/static/js/2.e51a255a.chunk.js.LICENSE.txt":"22679539d56cb1f66076e01e852d3bd0fdd47b33580dd7193ffcfb7394443f89","/static/css/main.d0030bdc.chunk.css.map":"0356962cf27cf17b41c083387528fde30e7c36c0192bbc46235c5f4d4159e19f","/Favicon.ico":"4c1fa1ee3598fda4fff3a07e77aa525ac86ed611d676a4dbda0adcc07a63f9f2","/static/js/main.e42c0b5b.chunk.js":"8ce83126471e4b8c9302a0209fd561d314f0000b146b371a5a77e24e42be689a","/static/js/runtime-main.ba6aa143.js":"5726d39f36e479454f81cab3119b025cbf57fb5238d14316604a6934446f2b03","/static/js/runtime-main.ba6aa143.js.map":"9cd20d776259b8d3cc62bfe7bcc3e03e625f2e7dcb6ebf137d587a1002b55fdf","/static/js/main.e42c0b5b.chunk.js.map":"bbebf6d83498a704664097ddf5cd9f81180ec60b943aa1259e75ae5a54713547","/static/media/Portrait.f8e0d538.jpg":"f363c82d7fa5009ec06b1f4adf4ac85f31b74cc057cec8dc4cf6849c1d231058","/static/media/Szunet_sm.07715800.jpg":"2038ab91bb6dd5cef82ab1db509f134ec7a2fb17d0c85f35db6fc1ede0676787","/static/js/2.e51a255a.chunk.js":"8db37524e65da487b0e74c21159ed7ae0cff338a4ff6c6cf013e2427c0a6cfbe","/static/js/2.e51a255a.chunk.js.map":"a6405bcdcbd357e01448f116748af5ef2b3ec9e710aee886006c8e5eb5de851c"}}
[debug] [2022-04-01T21:47:06.015Z] <<< [apiv2][status] POST https://firebasehosting.googleapis.com/v1beta1/projects/677721013699/sites/marton-istvan-fine-art/versions/262b8584a12a8b92:populateFiles 200
[debug] [2022-04-01T21:47:06.015Z] <<< [apiv2][body] POST https://firebasehosting.googleapis.com/v1beta1/projects/677721013699/sites/marton-istvan-fine-art/versions/262b8584a12a8b92:populateFiles {"uploadRequiredHashes":["16422a5968de9952081076ed2a5d9c5947894a1722023d6a631b01a55232636a","ca44e5d28d91453ffcf92040dd61b4aedb125401bdf7af38a94603e09b53c8e7","dabdb8b604d3b83a2c665198007a576864053f795947186c55dc1a2920a155cc","0356962cf27cf17b41c083387528fde30e7c36c0192bbc46235c5f4d4159e19f"],"uploadUrl":"https://upload-firebasehosting.googleapis.com/upload/sites/marton-istvan-fine-art/versions/262b8584a12a8b92/files"}
[debug] [2022-04-01T21:47:06.017Z] >>> [apiv2][query] POST https://upload-firebasehosting.googleapis.com/upload/sites/marton-istvan-fine-art/versions/262b8584a12a8b92/files/16422a5968de9952081076ed2a5d9c5947894a1722023d6a631b01a55232636a [none]
[debug] [2022-04-01T21:47:06.017Z] >>> [apiv2][body] POST https://upload-firebasehosting.googleapis.com/upload/sites/marton-istvan-fine-art/versions/262b8584a12a8b92/files/16422a5968de9952081076ed2a5d9c5947894a1722023d6a631b01a55232636a [stream]
[debug] [2022-04-01T21:47:06.018Z] >>> [apiv2][query] POST https://upload-firebasehosting.googleapis.com/upload/sites/marton-istvan-fine-art/versions/262b8584a12a8b92/files/ca44e5d28d91453ffcf92040dd61b4aedb125401bdf7af38a94603e09b53c8e7 [none]
[debug] [2022-04-01T21:47:06.018Z] >>> [apiv2][body] POST https://upload-firebasehosting.googleapis.com/upload/sites/marton-istvan-fine-art/versions/262b8584a12a8b92/files/ca44e5d28d91453ffcf92040dd61b4aedb125401bdf7af38a94603e09b53c8e7 [stream]
[debug] [2022-04-01T21:47:06.018Z] >>> [apiv2][query] POST https://upload-firebasehosting.googleapis.com/upload/sites/marton-istvan-fine-art/versions/262b8584a12a8b92/files/dabdb8b604d3b83a2c665198007a576864053f795947186c55dc1a2920a155cc [none]
[debug] [2022-04-01T21:47:06.018Z] >>> [apiv2][body] POST https://upload-firebasehosting.googleapis.com/upload/sites/marton-istvan-fine-art/versions/262b8584a12a8b92/files/dabdb8b604d3b83a2c665198007a576864053f795947186c55dc1a2920a155cc [stream]
[debug] [2022-04-01T21:47:06.019Z] >>> [apiv2][query] POST https://upload-firebasehosting.googleapis.com/upload/sites/marton-istvan-fine-art/versions/262b8584a12a8b92/files/0356962cf27cf17b41c083387528fde30e7c36c0192bbc46235c5f4d4159e19f [none]
[debug] [2022-04-01T21:47:06.019Z] >>> [apiv2][body] POST https://upload-firebasehosting.googleapis.com/upload/sites/marton-istvan-fine-art/versions/262b8584a12a8b92/files/0356962cf27cf17b41c083387528fde30e7c36c0192bbc46235c5f4d4159e19f [stream]
[debug] [2022-04-01T21:47:06.020Z] [hosting][populate queue][FINAL] {"max":515,"min":515,"avg":515,"active":0,"complete":1,"success":1,"errored":0,"retried":0,"total":1,"elapsed":519}
[debug] [2022-04-01T21:47:06.020Z] [hosting] uploads queued: 4
[debug] [2022-04-01T21:47:06.832Z] <<< [apiv2][status] POST https://upload-firebasehosting.googleapis.com/upload/sites/marton-istvan-fine-art/versions/262b8584a12a8b92/files/dabdb8b604d3b83a2c665198007a576864053f795947186c55dc1a2920a155cc 200
[debug] [2022-04-01T21:47:06.833Z] <<< [apiv2][body] POST https://upload-firebasehosting.googleapis.com/upload/sites/marton-istvan-fine-art/versions/262b8584a12a8b92/files/dabdb8b604d3b83a2c665198007a576864053f795947186c55dc1a2920a155cc [stream]
[debug] [2022-04-01T21:47:06.839Z] <<< [apiv2][status] POST https://upload-firebasehosting.googleapis.com/upload/sites/marton-istvan-fine-art/versions/262b8584a12a8b92/files/0356962cf27cf17b41c083387528fde30e7c36c0192bbc46235c5f4d4159e19f 200
[debug] [2022-04-01T21:47:06.840Z] <<< [apiv2][body] POST https://upload-firebasehosting.googleapis.com/upload/sites/marton-istvan-fine-art/versions/262b8584a12a8b92/files/0356962cf27cf17b41c083387528fde30e7c36c0192bbc46235c5f4d4159e19f [stream]
